d:\useful_documents\c++\arkcheat\arkcheat\x64\debug\vc143.pdb
d:\useful_documents\c++\arkcheat\arkcheat\x64\debug\vc143.idb
d:\useful_documents\c++\arkcheat\arkcheat\x64\debug\main.obj
d:\useful_documents\c++\arkcheat\arkcheat\x64\debug\imgui_impl_win32.obj
d:\useful_documents\c++\arkcheat\arkcheat\x64\debug\imgui_impl_dx9.obj
d:\useful_documents\c++\arkcheat\arkcheat\x64\debug\imgui_widgets.obj
d:\useful_documents\c++\arkcheat\arkcheat\x64\debug\imgui_tables.obj
d:\useful_documents\c++\arkcheat\arkcheat\x64\debug\imgui_draw.obj
d:\useful_documents\c++\arkcheat\arkcheat\x64\debug\imgui_demo.obj
d:\useful_documents\c++\arkcheat\arkcheat\x64\debug\imgui.obj
d:\useful_documents\c++\arkcheat\x64\debug\arkcheat.exe
d:\useful_documents\c++\arkcheat\x64\debug\arkcheat.pdb
d:\useful_documents\c++\arkcheat\arkcheat\x64\debug\arkcheat.ilk
d:\useful_documents\c++\arkcheat\arkcheat\x64\debug\offsets.obj
d:\useful_documents\c++\arkcheat\arkcheat\x64\debug\arkcheat.pdb
d:\useful_documents\c++\arkcheat\arkcheat\x64\debug\arkcheat.tlog\cl.command.1.tlog
d:\useful_documents\c++\arkcheat\arkcheat\x64\debug\arkcheat.tlog\cl.items.tlog
d:\useful_documents\c++\arkcheat\arkcheat\x64\debug\arkcheat.tlog\cl.read.1.tlog
d:\useful_documents\c++\arkcheat\arkcheat\x64\debug\arkcheat.tlog\cl.write.1.tlog
d:\useful_documents\c++\arkcheat\arkcheat\x64\debug\arkcheat.tlog\link.command.1.tlog
d:\useful_documents\c++\arkcheat\arkcheat\x64\debug\arkcheat.tlog\link.read.1.tlog
d:\useful_documents\c++\arkcheat\arkcheat\x64\debug\arkcheat.tlog\link.secondary.1.tlog
d:\useful_documents\c++\arkcheat\arkcheat\x64\debug\arkcheat.tlog\link.write.1.tlog
